[00:01:14] [User Authenticator #127/INFO]: UUID of player BigEgg40287 is c63537b5-9ed5-468d-9d65-f632fb4ba321
[00:01:14] [Server thread/INFO]: BigEgg40287[/36.233.76.21:54256] logged in with entity id 429136 at (-97.69999998807907, 84.5, -104.69999998807907)
[00:01:14] [Server thread/INFO]: BigEgg40287 joined the game
[00:01:21] [Server thread/INFO]: <TaiwanDebuger> hi
[00:01:43] [Server thread/INFO]: <TaiwanDebuger> 剛剛要睡覺不小心踢掉的
[00:02:25] [Server thread/INFO]: <TaiwanDebuger> 好ㄟ村民不用錢
[00:04:01] [Server thread/INFO]: <TaiwanDebuger> 笑死
[00:04:32] [Server thread/INFO]: <DuHpA> 雞巴村民
[00:06:30] [Server thread/INFO]: Villager bfj['Villager'/308, l='ServerLevel[world]', x=-26.30, y=67.00, z=-126.70] died, message: 'Villager was slain by DuHpA'
[00:07:26] [Server thread/INFO]: <BigEgg40287> 稅ㄅ
[00:07:32] [Server thread/INFO]: Mithrill lost connection: Disconnected
[00:07:32] [Server thread/INFO]: Mithrill left the game
[00:07:33] [Server thread/INFO]: DuHpA lost connection: Disconnected
[00:07:33] [Server thread/INFO]: DuHpA left the game
[00:08:07] [User Authenticator #128/INFO]: UUID of player DuHpA is 41021e65-7571-43ba-b9b2-49bcc8abc31f
[00:08:07] [Server thread/INFO]: DuHpA[/39.13.36.102:37434] logged in with entity id 430451 at (-28.266240033255677, 67.0, -128.03151161256477)
[00:08:07] [Server thread/INFO]: DuHpA joined the game
[00:08:24] [User Authenticator #129/INFO]: UUID of player Mithrill is 371133fa-be98-4bb7-ae59-61ca9511326d
[00:08:24] [Server thread/INFO]: Mithrill[/27.247.65.203:9016] logged in with entity id 430541 at (-29.317422162736882, 67.0, -124.06654214492258)
[00:08:24] [Server thread/INFO]: Mithrill joined the game
[00:11:35] [Server thread/INFO]: Villager bfj['Villager'/365540, l='ServerLevel[world]', x=-33.54, y=66.53, z=-119.59] died, message: 'Villager was slain by DuHpA'
[00:11:56] [Server thread/INFO]: <DuHpA> 沒用
[00:12:05] [Server thread/INFO]: <DuHpA> 要用推的 不能在礦車上
[00:12:45] [Server thread/INFO]: <DuHpA> = =
[00:13:05] [Server thread/INFO]: <BigEgg40287> ==
[00:14:47] [Server thread/INFO]: <DuHpA> 誤會ㄌ 原來是我殺了村民˙ 所以價錢都變貴
[00:14:49] [Server thread/INFO]: <DuHpA> =.=
[00:14:56] [Server thread/INFO]: <DuHpA> 但應該是有打到第一支
[00:15:05] [Server thread/INFO]: <TaiwanDebuger> 抓到
[00:15:10] [Server thread/INFO]: <BigEgg40287> 薛在幹嘛?
[00:15:32] [Server thread/INFO]: Villager bfj['Villager'/426201, l='ServerLevel[world]', x=-21.85, y=71.00, z=-102.85] died, message: 'Villager suffocated in a wall'
[00:23:18] [Server thread/INFO]: Mithrill fell from a high place
[00:25:07] [Server thread/INFO]: Eirvaaaaa lost connection: Disconnected
[00:25:07] [Server thread/INFO]: Eirvaaaaa left the game
[00:25:17] [Server thread/INFO]: <DuHpA> ZZZ
[00:25:19] [Server thread/INFO]: Mithrill lost connection: Disconnected
[00:25:19] [Server thread/INFO]: Mithrill left the game
[00:25:19] [Server thread/INFO]: DuHpA lost connection: Disconnected
[00:25:19] [Server thread/INFO]: DuHpA left the game
[00:27:24] [User Authenticator #130/INFO]: UUID of player DuHpA is 41021e65-7571-43ba-b9b2-49bcc8abc31f
[00:27:24] [Server thread/INFO]: DuHpA[/39.13.36.102:37602] logged in with entity id 434589 at (-32.51444684976624, 70.0, -83.30000001192093)
[00:27:24] [Server thread/INFO]: DuHpA joined the game
[00:27:30] [User Authenticator #131/INFO]: UUID of player Mithrill is 371133fa-be98-4bb7-ae59-61ca9511326d
[00:27:30] [Server thread/INFO]: Mithrill[/27.247.65.203:5075] logged in with entity id 434623 at (-128.5819338396, 87.0, -97.85197880959592)
[00:27:30] [Server thread/INFO]: Mithrill joined the game
[00:29:38] [Server thread/INFO]: BigEgg40287 lost connection: Disconnected
[00:29:38] [Server thread/INFO]: BigEgg40287 left the game
[00:33:33] [Server thread/INFO]: Villager bfj['Villager'/431483, l='ServerLevel[world]', x=-21.85, y=71.00, z=-102.85] died, message: 'Villager suffocated in a wall'
[00:35:02] [Server thread/INFO]: TaiwanDebuger lost connection: Disconnected
[00:35:02] [Server thread/INFO]: TaiwanDebuger left the game
[00:44:25] [User Authenticator #132/INFO]: UUID of player extrabass750 is 0d6d18db-9c7b-4e97-85f7-76c8a0515a1b
[00:44:26] [Server thread/INFO]: extrabass750[/223.141.148.106:39937] logged in with entity id 439129 at (-55.60540803195549, 63.24918707874468, -129.69999998807907)
[00:44:26] [Server thread/INFO]: extrabass750 joined the game
[00:44:42] [Server thread/INFO]: extrabass750 lost connection: Disconnected
[00:44:42] [Server thread/INFO]: extrabass750 left the game
[00:44:51] [User Authenticator #133/INFO]: UUID of player extrabass750 is 0d6d18db-9c7b-4e97-85f7-76c8a0515a1b
[00:44:51] [Server thread/INFO]: extrabass750[/223.141.148.106:41811] logged in with entity id 439276 at (-55.779265892790995, 64.20000004768372, -126.3225642953264)
[00:44:51] [Server thread/INFO]: extrabass750 joined the game
[00:44:58] [Server thread/INFO]: extrabass750 lost connection: Disconnected
[00:44:58] [Server thread/INFO]: extrabass750 left the game
[00:45:21] [User Authenticator #134/INFO]: UUID of player TaiwanDebuger is ac6408a2-a9df-4331-b7ae-3fea999a1635
[00:45:21] [Server thread/INFO]: TaiwanDebuger[/118.170.148.169:59935] logged in with entity id 439401 at (-125.33668470804938, 60.0, -97.69999998807907)
[00:45:21] [Server thread/INFO]: TaiwanDebuger joined the game
[00:45:47] [Server thread/INFO]: <DuHpA> 你們有找到過 掠奪者的塔ㄇ
[00:45:55] [Server thread/INFO]: <TaiwanDebuger> 還沒有
[00:46:03] [Server thread/INFO]: <DuHpA> 那gg 感覺就沒
[00:46:12] [Server thread/INFO]: <TaiwanDebuger> 我想重開一下server
[00:46:14] [Server thread/INFO]: <TaiwanDebuger> 順便輩分
[00:46:15] [Server thread/INFO]: <DuHpA> OK
[00:46:30] [Server thread/INFO]: [TaiwanDebuger: Stopping the server]
[00:46:30] [Server thread/INFO]: Stopping server
[00:46:30] [Server thread/INFO]: Saving players
[00:46:30] [Server thread/INFO]: DuHpA lost connection: Internal Exception: java.lang.StackOverflowError
[00:46:30] [Server thread/INFO]: DuHpA left the game
[00:46:30] [Server thread/INFO]: Saving worlds
[00:46:30] [Server thread/INFO]: Saving chunks for level 'ServerLevel[world]'/minecraft:overworld
[00:46:34] [Server thread/INFO]: ThreadedAnvilChunkStorage (world): All chunks are saved
[00:46:34] [Server thread/INFO]: Saving chunks for level 'ServerLevel[world]'/minecraft:the_nether
[00:46:35] [Server thread/INFO]: ThreadedAnvilChunkStorage (DIM-1): All chunks are saved
[00:46:35] [Server thread/INFO]: Saving chunks for level 'ServerLevel[world]'/minecraft:the_end
[00:46:35] [Server thread/INFO]: ThreadedAnvilChunkStorage (DIM1): All chunks are saved
[00:46:35] [Server thread/INFO]: ThreadedAnvilChunkStorage (world): All chunks are saved
[00:46:37] [Server thread/INFO]: ThreadedAnvilChunkStorage (DIM-1): All chunks are saved
[00:46:38] [Server thread/INFO]: ThreadedAnvilChunkStorage (DIM1): All chunks are saved
